<?xml version="1.0" encoding="UTF-8"?>
<testsuite xmlns:xsi="http://www.w3.org/2001/XMLSchema-instance" xsi:noNamespaceSchemaLocation="https://maven.apache.org/surefire/maven-surefire-plugin/xsd/surefire-test-report-3.0.xsd" version="3.0" name="TestSuite" time="122.4" tests="9" errors="0" skipped="0" failures="0">
  <properties>
    <property name="java.specification.version" value="17"/>
    <property name="webdriver.chrome.driver" value="C:\Users\FPTSHOP\.cache\selenium\chromedriver\win32\111.0.5563.64\chromedriver.exe"/>
    <property name="sun.cpu.isalist" value="amd64"/>
    <property name="sun.jnu.encoding" value="Cp1252"/>
    <property name="sun.awt.enableExtraMouseButtons" value="true"/>
    <property name="java.class.path" value="D:\JAVA_CMS\CommercesCMS\target\test-classes;D:\JAVA_CMS\CommercesCMS\target\classes;C:\Users\FPTSHOP\.m2\repository\org\seleniumhq\selenium\selenium-java\4.8.1\selenium-java-4.8.1.jar;C:\Users\FPTSHOP\.m2\repository\org\seleniumhq\selenium\selenium-api\4.8.1\selenium-api-4.8.1.jar;C:\Users\FPTSHOP\.m2\repository\org\seleniumhq\selenium\selenium-chrome-driver\4.8.1\selenium-chrome-driver-4.8.1.jar;C:\Users\FPTSHOP\.m2\repository\com\google\guava\guava\31.1-jre\guava-31.1-jre.jar;C:\Users\FPTSHOP\.m2\repository\com\google\guava\failureaccess\1.0.1\failureaccess-1.0.1.jar;C:\Users\FPTSHOP\.m2\repository\com\google\guava\listenablefuture\9999.0-empty-to-avoid-conflict-with-guava\listenablefuture-9999.0-empty-to-avoid-conflict-with-guava.jar;C:\Users\FPTSHOP\.m2\repository\com\google\code\findbugs\jsr305\3.0.2\jsr305-3.0.2.jar;C:\Users\FPTSHOP\.m2\repository\org\checkerframework\checker-qual\3.12.0\checker-qual-3.12.0.jar;C:\Users\FPTSHOP\.m2\repository\com\google\errorprone\error_prone_annotations\2.11.0\error_prone_annotations-2.11.0.jar;C:\Users\FPTSHOP\.m2\repository\com\google\j2objc\j2objc-annotations\1.3\j2objc-annotations-1.3.jar;C:\Users\FPTSHOP\.m2\repository\org\seleniumhq\selenium\selenium-chromium-driver\4.8.1\selenium-chromium-driver-4.8.1.jar;C:\Users\FPTSHOP\.m2\repository\org\seleniumhq\selenium\selenium-json\4.8.1\selenium-json-4.8.1.jar;C:\Users\FPTSHOP\.m2\repository\org\seleniumhq\selenium\selenium-devtools-v108\4.8.1\selenium-devtools-v108-4.8.1.jar;C:\Users\FPTSHOP\.m2\repository\org\seleniumhq\selenium\selenium-devtools-v109\4.8.1\selenium-devtools-v109-4.8.1.jar;C:\Users\FPTSHOP\.m2\repository\org\seleniumhq\selenium\selenium-devtools-v110\4.8.1\selenium-devtools-v110-4.8.1.jar;C:\Users\FPTSHOP\.m2\repository\org\seleniumhq\selenium\selenium-devtools-v85\4.8.1\selenium-devtools-v85-4.8.1.jar;C:\Users\FPTSHOP\.m2\repository\org\seleniumhq\selenium\selenium-edge-driver\4.8.1\selenium-edge-driver-4.8.1.jar;C:\Users\FPTSHOP\.m2\repository\org\seleniumhq\selenium\selenium-firefox-driver\4.8.1\selenium-firefox-driver-4.8.1.jar;C:\Users\FPTSHOP\.m2\repository\org\seleniumhq\selenium\selenium-ie-driver\4.8.1\selenium-ie-driver-4.8.1.jar;C:\Users\FPTSHOP\.m2\repository\org\seleniumhq\selenium\selenium-remote-driver\4.8.1\selenium-remote-driver-4.8.1.jar;C:\Users\FPTSHOP\.m2\repository\io\netty\netty-buffer\4.1.87.Final\netty-buffer-4.1.87.Final.jar;C:\Users\FPTSHOP\.m2\repository\io\netty\netty-codec-http\4.1.87.Final\netty-codec-http-4.1.87.Final.jar;C:\Users\FPTSHOP\.m2\repository\io\netty\netty-codec\4.1.87.Final\netty-codec-4.1.87.Final.jar;C:\Users\FPTSHOP\.m2\repository\io\netty\netty-handler\4.1.87.Final\netty-handler-4.1.87.Final.jar;C:\Users\FPTSHOP\.m2\repository\io\netty\netty-common\4.1.87.Final\netty-common-4.1.87.Final.jar;C:\Users\FPTSHOP\.m2\repository\io\netty\netty-transport-classes-epoll\4.1.87.Final\netty-transport-classes-epoll-4.1.87.Final.jar;C:\Users\FPTSHOP\.m2\repository\io\netty\netty-transport-classes-kqueue\4.1.87.Final\netty-transport-classes-kqueue-4.1.87.Final.jar;C:\Users\FPTSHOP\.m2\repository\io\netty\netty-transport-native-epoll\4.1.87.Final\netty-transport-native-epoll-4.1.87.Final.jar;C:\Users\FPTSHOP\.m2\repository\io\netty\netty-transport-native-kqueue\4.1.87.Final\netty-transport-native-kqueue-4.1.87.Final.jar;C:\Users\FPTSHOP\.m2\repository\io\netty\netty-transport-native-unix-common\4.1.87.Final\netty-transport-native-unix-common-4.1.87.Final.jar;C:\Users\FPTSHOP\.m2\repository\io\netty\netty-transport\4.1.87.Final\netty-transport-4.1.87.Final.jar;C:\Users\FPTSHOP\.m2\repository\io\netty\netty-resolver\4.1.87.Final\netty-resolver-4.1.87.Final.jar;C:\Users\FPTSHOP\.m2\repository\io\opentelemetry\opentelemetry-api\1.22.0\opentelemetry-api-1.22.0.jar;C:\Users\FPTSHOP\.m2\repository\io\opentelemetry\opentelemetry-context\1.22.0\opentelemetry-context-1.22.0.jar;C:\Users\FPTSHOP\.m2\repository\io\opentelemetry\opentelemetry-exporter-logging\1.22.0\opentelemetry-exporter-logging-1.22.0.jar;C:\Users\FPTSHOP\.m2\repository\io\opentelemetry\opentelemetry-sdk-metrics\1.22.0\opentelemetry-sdk-metrics-1.22.0.jar;C:\Users\FPTSHOP\.m2\repository\io\opentelemetry\opentelemetry-sdk-logs\1.22.0-alpha\opentelemetry-sdk-logs-1.22.0-alpha.jar;C:\Users\FPTSHOP\.m2\repository\io\opentelemetry\opentelemetry-api-logs\1.22.0-alpha\opentelemetry-api-logs-1.22.0-alpha.jar;C:\Users\FPTSHOP\.m2\repository\io\opentelemetry\opentelemetry-sdk-common\1.22.0\opentelemetry-sdk-common-1.22.0.jar;C:\Users\FPTSHOP\.m2\repository\io\opentelemetry\opentelemetry-sdk-extension-autoconfigure-spi\1.22.0\opentelemetry-sdk-extension-autoconfigure-spi-1.22.0.jar;C:\Users\FPTSHOP\.m2\repository\io\opentelemetry\opentelemetry-sdk-extension-autoconfigure\1.22.0-alpha\opentelemetry-sdk-extension-autoconfigure-1.22.0-alpha.jar;C:\Users\FPTSHOP\.m2\repository\io\opentelemetry\opentelemetry-sdk-trace\1.22.0\opentelemetry-sdk-trace-1.22.0.jar;C:\Users\FPTSHOP\.m2\repository\io\opentelemetry\opentelemetry-sdk\1.22.0\opentelemetry-sdk-1.22.0.jar;C:\Users\FPTSHOP\.m2\repository\io\opentelemetry\opentelemetry-semconv\1.22.0-alpha\opentelemetry-semconv-1.22.0-alpha.jar;C:\Users\FPTSHOP\.m2\repository\io\ous\jtoml\2.0.0\jtoml-2.0.0.jar;C:\Users\FPTSHOP\.m2\repository\net\bytebuddy\byte-buddy\1.12.22\byte-buddy-1.12.22.jar;C:\Users\FPTSHOP\.m2\repository\org\apache\commons\commons-exec\1.3\commons-exec-1.3.jar;C:\Users\FPTSHOP\.m2\repository\org\asynchttpclient\async-http-client\2.12.3\async-http-client-2.12.3.jar;C:\Users\FPTSHOP\.m2\repository\org\asynchttpclient\async-http-client-netty-utils\2.12.3\async-http-client-netty-utils-2.12.3.jar;C:\Users\FPTSHOP\.m2\repository\io\netty\netty-codec-socks\4.1.60.Final\netty-codec-socks-4.1.60.Final.jar;C:\Users\FPTSHOP\.m2\repository\io\netty\netty-handler-proxy\4.1.60.Final\netty-handler-proxy-4.1.60.Final.jar;C:\Users\FPTSHOP\.m2\repository\io\netty\netty-transport-native-epoll\4.1.60.Final\netty-transport-native-epoll-4.1.60.Final-linux-x86_64.jar;C:\Users\FPTSHOP\.m2\repository\io\netty\netty-transport-native-kqueue\4.1.60.Final\netty-transport-native-kqueue-4.1.60.Final-osx-x86_64.jar;C:\Users\FPTSHOP\.m2\repository\com\typesafe\netty\netty-reactive-streams\2.0.4\netty-reactive-streams-2.0.4.jar;C:\Users\FPTSHOP\.m2\repository\com\sun\activation\jakarta.activation\1.2.2\jakarta.activation-1.2.2.jar;C:\Users\FPTSHOP\.m2\repository\org\seleniumhq\selenium\selenium-manager\4.8.1\selenium-manager-4.8.1.jar;C:\Users\FPTSHOP\.m2\repository\org\seleniumhq\selenium\selenium-safari-driver\4.8.1\selenium-safari-driver-4.8.1.jar;C:\Users\FPTSHOP\.m2\repository\org\seleniumhq\selenium\selenium-support\4.8.1\selenium-support-4.8.1.jar;C:\Users\FPTSHOP\.m2\repository\org\seleniumhq\selenium\selenium-http-jdk-client\4.8.1\selenium-http-jdk-client-4.8.1.jar;C:\Users\FPTSHOP\.m2\repository\com\google\auto\service\auto-service-annotations\1.0.1\auto-service-annotations-1.0.1.jar;C:\Users\FPTSHOP\.m2\repository\com\google\auto\service\auto-service\1.0.1\auto-service-1.0.1.jar;C:\Users\FPTSHOP\.m2\repository\com\google\auto\auto-common\1.2\auto-common-1.2.jar;C:\Users\FPTSHOP\.m2\repository\org\seleniumhq\selenium\selenium-http\4.8.1\selenium-http-4.8.1.jar;C:\Users\FPTSHOP\.m2\repository\dev\failsafe\failsafe\3.3.0\failsafe-3.3.0.jar;C:\Users\FPTSHOP\.m2\repository\io\github\bonigarcia\webdrivermanager\5.3.2\webdrivermanager-5.3.2.jar;C:\Users\FPTSHOP\.m2\repository\com\google\code\gson\gson\2.10.1\gson-2.10.1.jar;C:\Users\FPTSHOP\.m2\repository\com\github\docker-java\docker-java\3.2.14\docker-java-3.2.14.jar;C:\Users\FPTSHOP\.m2\repository\com\github\docker-java\docker-java-core\3.2.14\docker-java-core-3.2.14.jar;C:\Users\FPTSHOP\.m2\repository\com\github\docker-java\docker-java-api\3.2.14\docker-java-api-3.2.14.jar;C:\Users\FPTSHOP\.m2\repository\com\fasterxml\jackson\core\jackson-annotations\2.10.3\jackson-annotations-2.10.3.jar;C:\Users\FPTSHOP\.m2\repository\com\fasterxml\jackson\core\jackson-databind\2.10.3\jackson-databind-2.10.3.jar;C:\Users\FPTSHOP\.m2\repository\com\fasterxml\jackson\core\jackson-core\2.10.3\jackson-core-2.10.3.jar;C:\Users\FPTSHOP\.m2\repository\org\bouncycastle\bcpkix-jdk15on\1.64\bcpkix-jdk15on-1.64.jar;C:\Users\FPTSHOP\.m2\repository\org\bouncycastle\bcprov-jdk15on\1.64\bcprov-jdk15on-1.64.jar;C:\Users\FPTSHOP\.m2\repository\org\slf4j\jcl-over-slf4j\1.7.30\jcl-over-slf4j-1.7.30.jar;C:\Users\FPTSHOP\.m2\repository\com\github\docker-java\docker-java-transport-httpclient5\3.2.14\docker-java-transport-httpclient5-3.2.14.jar;C:\Users\FPTSHOP\.m2\repository\com\github\docker-java\docker-java-transport\3.2.14\docker-java-transport-3.2.14.jar;C:\Users\FPTSHOP\.m2\repository\net\java\dev\jna\jna\5.12.1\jna-5.12.1.jar;C:\Users\FPTSHOP\.m2\repository\org\brotli\dec\0.1.2\dec-0.1.2.jar;C:\Users\FPTSHOP\.m2\repository\org\apache\commons\commons-lang3\3.12.0\commons-lang3-3.12.0.jar;C:\Users\FPTSHOP\.m2\repository\org\apache\httpcomponents\client5\httpclient5\5.2.1\httpclient5-5.2.1.jar;C:\Users\FPTSHOP\.m2\repository\org\apache\httpcomponents\core5\httpcore5\5.2\httpcore5-5.2.jar;C:\Users\FPTSHOP\.m2\repository\org\apache\httpcomponents\core5\httpcore5-h2\5.2\httpcore5-h2-5.2.jar;C:\Users\FPTSHOP\.m2\repository\org\slf4j\slf4j-simple\2.0.6\slf4j-simple-2.0.6.jar;C:\Users\FPTSHOP\.m2\repository\org\slf4j\slf4j-api\2.0.6\slf4j-api-2.0.6.jar;C:\Users\FPTSHOP\.m2\repository\org\testng\testng\7.4.0\testng-7.4.0.jar;C:\Users\FPTSHOP\.m2\repository\com\beust\jcommander\1.78\jcommander-1.78.jar;C:\Users\FPTSHOP\.m2\repository\org\webjars\jquery\3.5.1\jquery-3.5.1.jar;C:\Users\FPTSHOP\.m2\repository\org\apache\poi\poi\5.2.3\poi-5.2.3.jar;C:\Users\FPTSHOP\.m2\repository\commons-codec\commons-codec\1.15\commons-codec-1.15.jar;C:\Users\FPTSHOP\.m2\repository\org\apache\commons\commons-collections4\4.4\commons-collections4-4.4.jar;C:\Users\FPTSHOP\.m2\repository\org\apache\commons\commons-math3\3.6.1\commons-math3-3.6.1.jar;C:\Users\FPTSHOP\.m2\repository\com\zaxxer\SparseBitSet\1.2\SparseBitSet-1.2.jar;C:\Users\FPTSHOP\.m2\repository\org\apache\poi\poi-ooxml\5.2.3\poi-ooxml-5.2.3.jar;C:\Users\FPTSHOP\.m2\repository\org\apache\poi\poi-ooxml-lite\5.2.3\poi-ooxml-lite-5.2.3.jar;C:\Users\FPTSHOP\.m2\repository\org\apache\xmlbeans\xmlbeans\5.1.1\xmlbeans-5.1.1.jar;C:\Users\FPTSHOP\.m2\repository\org\apache\commons\commons-compress\1.21\commons-compress-1.21.jar;C:\Users\FPTSHOP\.m2\repository\com\github\virtuald\curvesapi\1.07\curvesapi-1.07.jar;C:\Users\FPTSHOP\.m2\repository\commons-io\commons-io\2.11.0\commons-io-2.11.0.jar;C:\Users\FPTSHOP\.m2\repository\com\github\stephenc\monte\monte-screen-recorder\0.7.7.0\monte-screen-recorder-0.7.7.0.jar;C:\Users\FPTSHOP\.m2\repository\org\apache\logging\log4j\log4j-core\2.20.0\log4j-core-2.20.0.jar;C:\Users\FPTSHOP\.m2\repository\org\apache\logging\log4j\log4j-api\2.20.0\log4j-api-2.20.0.jar;C:\Users\FPTSHOP\.m2\repository\com\aventstack\extentreports\5.0.9\extentreports-5.0.9.jar;C:\Users\FPTSHOP\.m2\repository\io\reactivex\rxjava3\rxjava\3.0.4\rxjava-3.0.4.jar;C:\Users\FPTSHOP\.m2\repository\org\reactivestreams\reactive-streams\1.0.3\reactive-streams-1.0.3.jar;C:\Users\FPTSHOP\.m2\repository\org\freemarker\freemarker\2.3.30\freemarker-2.3.30.jar;C:\Users\FPTSHOP\.m2\repository\io\qameta\allure\allure-testng\2.21.0\allure-testng-2.21.0.jar;C:\Users\FPTSHOP\.m2\repository\io\qameta\allure\allure-java-commons\2.21.0\allure-java-commons-2.21.0.jar;C:\Users\FPTSHOP\.m2\repository\io\qameta\allure\allure-model\2.21.0\allure-model-2.21.0.jar;C:\Users\FPTSHOP\.m2\repository\io\qameta\allure\allure-test-filter\2.21.0\allure-test-filter-2.21.0.jar;C:\Users\FPTSHOP\.m2\repository\io\qameta\allure\allure-attachments\2.21.0\allure-attachments-2.21.0.jar;C:\Users\FPTSHOP\.m2\repository\org\aspectj\aspectjweaver\1.9.19\aspectjweaver-1.9.19.jar;C:\Users\FPTSHOP\.m2\repository\org\projectlombok\lombok\1.18.24\lombok-1.18.24.jar;"/>
    <property name="java.vm.vendor" value="Oracle Corporation"/>
    <property name="sun.arch.data.model" value="64"/>
    <property name="user.variant" value=""/>
    <property name="java.vendor.url" value="https://java.oracle.com/"/>
    <property name="user.timezone" value="Asia/Jakarta"/>
    <property name="os.name" value="Windows 11"/>
    <property name="java.vm.specification.version" value="17"/>
    <property name="sun.java.launcher" value="SUN_STANDARD"/>
    <property name="user.country" value="ID"/>
    <property name="sun.boot.library.path" value="C:\Program Files\Java\jdk-17.0.4.1\bin"/>
    <property name="sun.java.command" value="C:\Users\FPTSHOP\AppData\Local\Temp\surefire11499379256044748840\surefirebooter-20230323105148066_3.jar C:\Users\FPTSHOP\AppData\Local\Temp\surefire11499379256044748840 2023-03-23T10-51-47_815-jvmRun1 surefire-20230323105148066_1tmp surefire_0-20230323105148066_2tmp"/>
    <property name="jdk.debug" value="release"/>
    <property name="surefire.test.class.path" value="D:\JAVA_CMS\CommercesCMS\target\test-classes;D:\JAVA_CMS\CommercesCMS\target\classes;C:\Users\FPTSHOP\.m2\repository\org\seleniumhq\selenium\selenium-java\4.8.1\selenium-java-4.8.1.jar;C:\Users\FPTSHOP\.m2\repository\org\seleniumhq\selenium\selenium-api\4.8.1\selenium-api-4.8.1.jar;C:\Users\FPTSHOP\.m2\repository\org\seleniumhq\selenium\selenium-chrome-driver\4.8.1\selenium-chrome-driver-4.8.1.jar;C:\Users\FPTSHOP\.m2\repository\com\google\guava\guava\31.1-jre\guava-31.1-jre.jar;C:\Users\FPTSHOP\.m2\repository\com\google\guava\failureaccess\1.0.1\failureaccess-1.0.1.jar;C:\Users\FPTSHOP\.m2\repository\com\google\guava\listenablefuture\9999.0-empty-to-avoid-conflict-with-guava\listenablefuture-9999.0-empty-to-avoid-conflict-with-guava.jar;C:\Users\FPTSHOP\.m2\repository\com\google\code\findbugs\jsr305\3.0.2\jsr305-3.0.2.jar;C:\Users\FPTSHOP\.m2\repository\org\checkerframework\checker-qual\3.12.0\checker-qual-3.12.0.jar;C:\Users\FPTSHOP\.m2\repository\com\google\errorprone\error_prone_annotations\2.11.0\error_prone_annotations-2.11.0.jar;C:\Users\FPTSHOP\.m2\repository\com\google\j2objc\j2objc-annotations\1.3\j2objc-annotations-1.3.jar;C:\Users\FPTSHOP\.m2\repository\org\seleniumhq\selenium\selenium-chromium-driver\4.8.1\selenium-chromium-driver-4.8.1.jar;C:\Users\FPTSHOP\.m2\repository\org\seleniumhq\selenium\selenium-json\4.8.1\selenium-json-4.8.1.jar;C:\Users\FPTSHOP\.m2\repository\org\seleniumhq\selenium\selenium-devtools-v108\4.8.1\selenium-devtools-v108-4.8.1.jar;C:\Users\FPTSHOP\.m2\repository\org\seleniumhq\selenium\selenium-devtools-v109\4.8.1\selenium-devtools-v109-4.8.1.jar;C:\Users\FPTSHOP\.m2\repository\org\seleniumhq\selenium\selenium-devtools-v110\4.8.1\selenium-devtools-v110-4.8.1.jar;C:\Users\FPTSHOP\.m2\repository\org\seleniumhq\selenium\selenium-devtools-v85\4.8.1\selenium-devtools-v85-4.8.1.jar;C:\Users\FPTSHOP\.m2\repository\org\seleniumhq\selenium\selenium-edge-driver\4.8.1\selenium-edge-driver-4.8.1.jar;C:\Users\FPTSHOP\.m2\repository\org\seleniumhq\selenium\selenium-firefox-driver\4.8.1\selenium-firefox-driver-4.8.1.jar;C:\Users\FPTSHOP\.m2\repository\org\seleniumhq\selenium\selenium-ie-driver\4.8.1\selenium-ie-driver-4.8.1.jar;C:\Users\FPTSHOP\.m2\repository\org\seleniumhq\selenium\selenium-remote-driver\4.8.1\selenium-remote-driver-4.8.1.jar;C:\Users\FPTSHOP\.m2\repository\io\netty\netty-buffer\4.1.87.Final\netty-buffer-4.1.87.Final.jar;C:\Users\FPTSHOP\.m2\repository\io\netty\netty-codec-http\4.1.87.Final\netty-codec-http-4.1.87.Final.jar;C:\Users\FPTSHOP\.m2\repository\io\netty\netty-codec\4.1.87.Final\netty-codec-4.1.87.Final.jar;C:\Users\FPTSHOP\.m2\repository\io\netty\netty-handler\4.1.87.Final\netty-handler-4.1.87.Final.jar;C:\Users\FPTSHOP\.m2\repository\io\netty\netty-common\4.1.87.Final\netty-common-4.1.87.Final.jar;C:\Users\FPTSHOP\.m2\repository\io\netty\netty-transport-classes-epoll\4.1.87.Final\netty-transport-classes-epoll-4.1.87.Final.jar;C:\Users\FPTSHOP\.m2\repository\io\netty\netty-transport-classes-kqueue\4.1.87.Final\netty-transport-classes-kqueue-4.1.87.Final.jar;C:\Users\FPTSHOP\.m2\repository\io\netty\netty-transport-native-epoll\4.1.87.Final\netty-transport-native-epoll-4.1.87.Final.jar;C:\Users\FPTSHOP\.m2\repository\io\netty\netty-transport-native-kqueue\4.1.87.Final\netty-transport-native-kqueue-4.1.87.Final.jar;C:\Users\FPTSHOP\.m2\repository\io\netty\netty-transport-native-unix-common\4.1.87.Final\netty-transport-native-unix-common-4.1.87.Final.jar;C:\Users\FPTSHOP\.m2\repository\io\netty\netty-transport\4.1.87.Final\netty-transport-4.1.87.Final.jar;C:\Users\FPTSHOP\.m2\repository\io\netty\netty-resolver\4.1.87.Final\netty-resolver-4.1.87.Final.jar;C:\Users\FPTSHOP\.m2\repository\io\opentelemetry\opentelemetry-api\1.22.0\opentelemetry-api-1.22.0.jar;C:\Users\FPTSHOP\.m2\repository\io\opentelemetry\opentelemetry-context\1.22.0\opentelemetry-context-1.22.0.jar;C:\Users\FPTSHOP\.m2\repository\io\opentelemetry\opentelemetry-exporter-logging\1.22.0\opentelemetry-exporter-logging-1.22.0.jar;C:\Users\FPTSHOP\.m2\repository\io\opentelemetry\opentelemetry-sdk-metrics\1.22.0\opentelemetry-sdk-metrics-1.22.0.jar;C:\Users\FPTSHOP\.m2\repository\io\opentelemetry\opentelemetry-sdk-logs\1.22.0-alpha\opentelemetry-sdk-logs-1.22.0-alpha.jar;C:\Users\FPTSHOP\.m2\repository\io\opentelemetry\opentelemetry-api-logs\1.22.0-alpha\opentelemetry-api-logs-1.22.0-alpha.jar;C:\Users\FPTSHOP\.m2\repository\io\opentelemetry\opentelemetry-sdk-common\1.22.0\opentelemetry-sdk-common-1.22.0.jar;C:\Users\FPTSHOP\.m2\repository\io\opentelemetry\opentelemetry-sdk-extension-autoconfigure-spi\1.22.0\opentelemetry-sdk-extension-autoconfigure-spi-1.22.0.jar;C:\Users\FPTSHOP\.m2\repository\io\opentelemetry\opentelemetry-sdk-extension-autoconfigure\1.22.0-alpha\opentelemetry-sdk-extension-autoconfigure-1.22.0-alpha.jar;C:\Users\FPTSHOP\.m2\repository\io\opentelemetry\opentelemetry-sdk-trace\1.22.0\opentelemetry-sdk-trace-1.22.0.jar;C:\Users\FPTSHOP\.m2\repository\io\opentelemetry\opentelemetry-sdk\1.22.0\opentelemetry-sdk-1.22.0.jar;C:\Users\FPTSHOP\.m2\repository\io\opentelemetry\opentelemetry-semconv\1.22.0-alpha\opentelemetry-semconv-1.22.0-alpha.jar;C:\Users\FPTSHOP\.m2\repository\io\ous\jtoml\2.0.0\jtoml-2.0.0.jar;C:\Users\FPTSHOP\.m2\repository\net\bytebuddy\byte-buddy\1.12.22\byte-buddy-1.12.22.jar;C:\Users\FPTSHOP\.m2\repository\org\apache\commons\commons-exec\1.3\commons-exec-1.3.jar;C:\Users\FPTSHOP\.m2\repository\org\asynchttpclient\async-http-client\2.12.3\async-http-client-2.12.3.jar;C:\Users\FPTSHOP\.m2\repository\org\asynchttpclient\async-http-client-netty-utils\2.12.3\async-http-client-netty-utils-2.12.3.jar;C:\Users\FPTSHOP\.m2\repository\io\netty\netty-codec-socks\4.1.60.Final\netty-codec-socks-4.1.60.Final.jar;C:\Users\FPTSHOP\.m2\repository\io\netty\netty-handler-proxy\4.1.60.Final\netty-handler-proxy-4.1.60.Final.jar;C:\Users\FPTSHOP\.m2\repository\io\netty\netty-transport-native-epoll\4.1.60.Final\netty-transport-native-epoll-4.1.60.Final-linux-x86_64.jar;C:\Users\FPTSHOP\.m2\repository\io\netty\netty-transport-native-kqueue\4.1.60.Final\netty-transport-native-kqueue-4.1.60.Final-osx-x86_64.jar;C:\Users\FPTSHOP\.m2\repository\com\typesafe\netty\netty-reactive-streams\2.0.4\netty-reactive-streams-2.0.4.jar;C:\Users\FPTSHOP\.m2\repository\com\sun\activation\jakarta.activation\1.2.2\jakarta.activation-1.2.2.jar;C:\Users\FPTSHOP\.m2\repository\org\seleniumhq\selenium\selenium-manager\4.8.1\selenium-manager-4.8.1.jar;C:\Users\FPTSHOP\.m2\repository\org\seleniumhq\selenium\selenium-safari-driver\4.8.1\selenium-safari-driver-4.8.1.jar;C:\Users\FPTSHOP\.m2\repository\org\seleniumhq\selenium\selenium-support\4.8.1\selenium-support-4.8.1.jar;C:\Users\FPTSHOP\.m2\repository\org\seleniumhq\selenium\selenium-http-jdk-client\4.8.1\selenium-http-jdk-client-4.8.1.jar;C:\Users\FPTSHOP\.m2\repository\com\google\auto\service\auto-service-annotations\1.0.1\auto-service-annotations-1.0.1.jar;C:\Users\FPTSHOP\.m2\repository\com\google\auto\service\auto-service\1.0.1\auto-service-1.0.1.jar;C:\Users\FPTSHOP\.m2\repository\com\google\auto\auto-common\1.2\auto-common-1.2.jar;C:\Users\FPTSHOP\.m2\repository\org\seleniumhq\selenium\selenium-http\4.8.1\selenium-http-4.8.1.jar;C:\Users\FPTSHOP\.m2\repository\dev\failsafe\failsafe\3.3.0\failsafe-3.3.0.jar;C:\Users\FPTSHOP\.m2\repository\io\github\bonigarcia\webdrivermanager\5.3.2\webdrivermanager-5.3.2.jar;C:\Users\FPTSHOP\.m2\repository\com\google\code\gson\gson\2.10.1\gson-2.10.1.jar;C:\Users\FPTSHOP\.m2\repository\com\github\docker-java\docker-java\3.2.14\docker-java-3.2.14.jar;C:\Users\FPTSHOP\.m2\repository\com\github\docker-java\docker-java-core\3.2.14\docker-java-core-3.2.14.jar;C:\Users\FPTSHOP\.m2\repository\com\github\docker-java\docker-java-api\3.2.14\docker-java-api-3.2.14.jar;C:\Users\FPTSHOP\.m2\repository\com\fasterxml\jackson\core\jackson-annotations\2.10.3\jackson-annotations-2.10.3.jar;C:\Users\FPTSHOP\.m2\repository\com\fasterxml\jackson\core\jackson-databind\2.10.3\jackson-databind-2.10.3.jar;C:\Users\FPTSHOP\.m2\repository\com\fasterxml\jackson\core\jackson-core\2.10.3\jackson-core-2.10.3.jar;C:\Users\FPTSHOP\.m2\repository\org\bouncycastle\bcpkix-jdk15on\1.64\bcpkix-jdk15on-1.64.jar;C:\Users\FPTSHOP\.m2\repository\org\bouncycastle\bcprov-jdk15on\1.64\bcprov-jdk15on-1.64.jar;C:\Users\FPTSHOP\.m2\repository\org\slf4j\jcl-over-slf4j\1.7.30\jcl-over-slf4j-1.7.30.jar;C:\Users\FPTSHOP\.m2\repository\com\github\docker-java\docker-java-transport-httpclient5\3.2.14\docker-java-transport-httpclient5-3.2.14.jar;C:\Users\FPTSHOP\.m2\repository\com\github\docker-java\docker-java-transport\3.2.14\docker-java-transport-3.2.14.jar;C:\Users\FPTSHOP\.m2\repository\net\java\dev\jna\jna\5.12.1\jna-5.12.1.jar;C:\Users\FPTSHOP\.m2\repository\org\brotli\dec\0.1.2\dec-0.1.2.jar;C:\Users\FPTSHOP\.m2\repository\org\apache\commons\commons-lang3\3.12.0\commons-lang3-3.12.0.jar;C:\Users\FPTSHOP\.m2\repository\org\apache\httpcomponents\client5\httpclient5\5.2.1\httpclient5-5.2.1.jar;C:\Users\FPTSHOP\.m2\repository\org\apache\httpcomponents\core5\httpcore5\5.2\httpcore5-5.2.jar;C:\Users\FPTSHOP\.m2\repository\org\apache\httpcomponents\core5\httpcore5-h2\5.2\httpcore5-h2-5.2.jar;C:\Users\FPTSHOP\.m2\repository\org\slf4j\slf4j-simple\2.0.6\slf4j-simple-2.0.6.jar;C:\Users\FPTSHOP\.m2\repository\org\slf4j\slf4j-api\2.0.6\slf4j-api-2.0.6.jar;C:\Users\FPTSHOP\.m2\repository\org\testng\testng\7.4.0\testng-7.4.0.jar;C:\Users\FPTSHOP\.m2\repository\com\beust\jcommander\1.78\jcommander-1.78.jar;C:\Users\FPTSHOP\.m2\repository\org\webjars\jquery\3.5.1\jquery-3.5.1.jar;C:\Users\FPTSHOP\.m2\repository\org\apache\poi\poi\5.2.3\poi-5.2.3.jar;C:\Users\FPTSHOP\.m2\repository\commons-codec\commons-codec\1.15\commons-codec-1.15.jar;C:\Users\FPTSHOP\.m2\repository\org\apache\commons\commons-collections4\4.4\commons-collections4-4.4.jar;C:\Users\FPTSHOP\.m2\repository\org\apache\commons\commons-math3\3.6.1\commons-math3-3.6.1.jar;C:\Users\FPTSHOP\.m2\repository\com\zaxxer\SparseBitSet\1.2\SparseBitSet-1.2.jar;C:\Users\FPTSHOP\.m2\repository\org\apache\poi\poi-ooxml\5.2.3\poi-ooxml-5.2.3.jar;C:\Users\FPTSHOP\.m2\repository\org\apache\poi\poi-ooxml-lite\5.2.3\poi-ooxml-lite-5.2.3.jar;C:\Users\FPTSHOP\.m2\repository\org\apache\xmlbeans\xmlbeans\5.1.1\xmlbeans-5.1.1.jar;C:\Users\FPTSHOP\.m2\repository\org\apache\commons\commons-compress\1.21\commons-compress-1.21.jar;C:\Users\FPTSHOP\.m2\repository\com\github\virtuald\curvesapi\1.07\curvesapi-1.07.jar;C:\Users\FPTSHOP\.m2\repository\commons-io\commons-io\2.11.0\commons-io-2.11.0.jar;C:\Users\FPTSHOP\.m2\repository\com\github\stephenc\monte\monte-screen-recorder\0.7.7.0\monte-screen-recorder-0.7.7.0.jar;C:\Users\FPTSHOP\.m2\repository\org\apache\logging\log4j\log4j-core\2.20.0\log4j-core-2.20.0.jar;C:\Users\FPTSHOP\.m2\repository\org\apache\logging\log4j\log4j-api\2.20.0\log4j-api-2.20.0.jar;C:\Users\FPTSHOP\.m2\repository\com\aventstack\extentreports\5.0.9\extentreports-5.0.9.jar;C:\Users\FPTSHOP\.m2\repository\io\reactivex\rxjava3\rxjava\3.0.4\rxjava-3.0.4.jar;C:\Users\FPTSHOP\.m2\repository\org\reactivestreams\reactive-streams\1.0.3\reactive-streams-1.0.3.jar;C:\Users\FPTSHOP\.m2\repository\org\freemarker\freemarker\2.3.30\freemarker-2.3.30.jar;C:\Users\FPTSHOP\.m2\repository\io\qameta\allure\allure-testng\2.21.0\allure-testng-2.21.0.jar;C:\Users\FPTSHOP\.m2\repository\io\qameta\allure\allure-java-commons\2.21.0\allure-java-commons-2.21.0.jar;C:\Users\FPTSHOP\.m2\repository\io\qameta\allure\allure-model\2.21.0\allure-model-2.21.0.jar;C:\Users\FPTSHOP\.m2\repository\io\qameta\allure\allure-test-filter\2.21.0\allure-test-filter-2.21.0.jar;C:\Users\FPTSHOP\.m2\repository\io\qameta\allure\allure-attachments\2.21.0\allure-attachments-2.21.0.jar;C:\Users\FPTSHOP\.m2\repository\org\aspectj\aspectjweaver\1.9.19\aspectjweaver-1.9.19.jar;C:\Users\FPTSHOP\.m2\repository\org\projectlombok\lombok\1.18.24\lombok-1.18.24.jar;"/>
    <property name="allure.results.directory" value="target/allure-results"/>
    <property name="sun.cpu.endian" value="little"/>
    <property name="user.home" value="C:\Users\FPTSHOP"/>
    <property name="user.language" value="en"/>
    <property name="java.specification.vendor" value="Oracle Corporation"/>
    <property name="java.version.date" value="2022-08-18"/>
    <property name="java.home" value="C:\Program Files\Java\jdk-17.0.4.1"/>
    <property name="file.separator" value="\"/>
    <property name="basedir" value="D:\JAVA_CMS\CommercesCMS"/>
    <property name="java.vm.compressedOopsMode" value="Zero based"/>
    <property name="line.separator" value="&#10;"/>
    <property name="java.vm.specification.vendor" value="Oracle Corporation"/>
    <property name="java.specification.name" value="Java Platform API Specification"/>
    <property name="surefire.real.class.path" value="C:\Users\FPTSHOP\AppData\Local\Temp\surefire11499379256044748840\surefirebooter-20230323105148066_3.jar"/>
    <property name="user.script" value=""/>
    <property name="sun.management.compiler" value="HotSpot 64-Bit Tiered Compilers"/>
    <property name="java.runtime.version" value="17.0.4.1+1-LTS-2"/>
    <property name="user.name" value="FPTSHOP"/>
    <property name="path.separator" value=";"/>
    <property name="os.version" value="10.0"/>
    <property name="java.runtime.name" value="Java(TM) SE Runtime Environment"/>
    <property name="file.encoding" value="Cp1252"/>
    <property name="java.vm.name" value="Java HotSpot(TM) 64-Bit Server VM"/>
    <property name="localRepository" value="C:\Users\FPTSHOP\.m2\repository"/>
    <property name="java.vendor.url.bug" value="https://bugreport.java.com/bugreport/"/>
    <property name="java.io.tmpdir" value="C:\Users\FPTSHOP\AppData\Local\Temp\"/>
    <property name="idea.version" value="2022.3.3"/>
    <property name="java.version" value="17.0.4.1"/>
    <property name="user.dir" value="D:\JAVA_CMS\CommercesCMS"/>
    <property name="os.arch" value="amd64"/>
    <property name="java.vm.specification.name" value="Java Virtual Machine Specification"/>
    <property name="sun.os.patch.level" value=""/>
    <property name="native.encoding" value="Cp1252"/>
    <property name="java.library.path" value="C:\Program Files\Java\jdk-17.0.4.1\bin;C:\Windows\Sun\Java\bin;C:\Windows\system32;C:\Windows;C:\Program Files\Common Files\Oracle\Java\javapath;C:\Windows\system32;C:\Windows;C:\Windows\System32\Wbem;C:\Windows\System32\WindowsPowerShell\v1.0\;C:\Windows\System32\OpenSSH\;C:\Program Files (x86)\NVIDIA Corporation\PhysX\Common;C:\Program Files\NVIDIA Corporation\NVIDIA NvDLISR;C:\Users\FPTSHOP\AppData\Local\Programs\Microsoft VS Code\bin;%IntelliJ IDEA Community Edition%;C:\Program Files\Java\jdk-17.0.4.1\bin;C:\Users\FPTSHOP\AppData\Local\Programs\Python\Python311\Scripts\;C:\Users\FPTSHOP\AppData\Local\Programs\Python\Python311\;C:\Program Files\Git\cmd;C:\Program Files\TortoiseGit\bin;D:\TestJAVA\Setup\apache-maven-3.8.6\bin;C:\allure-2.14.0\bin;C:\Users\FPTSHOP\AppData\Local\Microsoft\WindowsApps;C:\Users\FPTSHOP\AppData\Local\Programs\Microsoft VS Code\bin;C:\Program Files\JetBrains\IntelliJ IDEA Community Edition 2022.2.2\bin;;C:\Program Files\JetBrains\PyCharm Community Edition 2022.2.3\bin;;;."/>
    <property name="java.vm.info" value="mixed mode, sharing"/>
    <property name="java.vendor" value="Oracle Corporation"/>
    <property name="java.vm.version" value="17.0.4.1+1-LTS-2"/>
    <property name="sun.io.unicode.encoding" value="UnicodeLittle"/>
    <property name="java.class.version" value="61.0"/>
    <property name="webdriver.http.factory" value="jdk-http-client"/>
  </properties>
  <testcase name="testForgotPassValid" classname="com.thanh.testcases.ForgotPassTest" time="3.496">
    <system-out><![CDATA[[Configuration] [WARN] Detected a static method [com.thanh.common.BaseTest.createDriver()]. Static configuration methods can cause  unexpected behavior.
[Configuration] [WARN] Detected a static method [com.thanh.common.BaseTest.closeDriver()]. Static configuration methods can cause  unexpected behavior.
[Configuration] [WARN] Detected a static method [com.thanh.common.BaseTest.createDriver()]. Static configuration methods can cause  unexpected behavior.
[Configuration] [WARN] Detected a static method [com.thanh.common.BaseTest.closeDriver()]. Static configuration methods can cause  unexpected behavior.
[Configuration] [WARN] Detected a static method [com.thanh.common.BaseTest.createDriver()]. Static configuration methods can cause  unexpected behavior.
[Configuration] [WARN] Detected a static method [com.thanh.common.BaseTest.closeDriver()]. Static configuration methods can cause  unexpected behavior.
[Configuration] [WARN] Detected a static method [com.thanh.common.BaseTest.createDriver()]. Static configuration methods can cause  unexpected behavior.
[Configuration] [WARN] Detected a static method [com.thanh.common.BaseTest.closeDriver()]. Static configuration methods can cause  unexpected behavior.
[INFO] 23-03-2023 10:51:50 [LogUtils] - Starting Suite: Thu Mar 23 10:51:49 WIB 2023
Load all file properties successfully.
Launching Chrome browser...
Load all file properties successfully.
Load all file properties successfully.
[INFO] 23-03-2023 10:51:53 [LogUtils] - Open URL: https://cms.anhtester.com/login
[INFO] 23-03-2023 10:51:54 [LogUtils] - Click element By.xpath: //a[normalize-space()='Forgot password ?']
[INFO] 23-03-2023 10:51:55 [LogUtils] - Click element By.xpath: //i[@class='la la-close fs-20']
[INFO] 23-03-2023 10:51:55 [LogUtils] - Get text: Forgot password?
[INFO] 23-03-2023 10:51:55 [LogUtils] - Verify equals: Forgot password? and Forgot password?
[INFO] 23-03-2023 10:51:55 [LogUtils] - Set text: tienthanh@email.com on element By.xpath: //input[@id='email']
[INFO] 23-03-2023 10:51:58 [LogUtils] - Click element By.xpath: //button[normalize-space()='Send Password Reset Link']
[INFO] 23-03-2023 10:51:58 [LogUtils] - testForgotPassValid is pass.
]]></system-out>
    <system-err><![CDATA[[main] INFO io.github.bonigarcia.wdm.WebDriverManager - Using chromedriver 111.0.5563.64 (resolved driver for Chrome 111)
[main] INFO io.github.bonigarcia.wdm.WebDriverManager - Exporting webdriver.chrome.driver as C:\Users\FPTSHOP\.cache\selenium\chromedriver\win32\111.0.5563.64\chromedriver.exe
Starting ChromeDriver 111.0.5563.64 (c710e93d5b63b7095afe8c2c17df34408078439d-refs/branch-heads/5563@{#995}) on port 19636
Only local connections are allowed.
Please see https://chromedriver.chromium.org/security-considerations for suggestions on keeping ChromeDriver safe.
ChromeDriver was started successfully.
Mar 23, 2023 10:51:52 AM org.openqa.selenium.devtools.CdpVersionFinder findNearestMatch
WARNING: Unable to find an exact match for CDP version 111, so returning the closest version found: 110
]]></system-err>
  </testcase>
  <testcase name="testForgotPassInValidWithEmail" classname="com.thanh.testcases.ForgotPassTest" time="1.008">
    <system-out><![CDATA[Launching Chrome browser...
[INFO] 23-03-2023 10:52:02 [LogUtils] - Open URL: https://cms.anhtester.com/login
[INFO] 23-03-2023 10:52:03 [LogUtils] - Click element By.xpath: //a[normalize-space()='Forgot password ?']
[INFO] 23-03-2023 10:52:03 [LogUtils] - Click element By.xpath: //i[@class='la la-close fs-20']
[INFO] 23-03-2023 10:52:03 [LogUtils] - Get text: Forgot password?
[INFO] 23-03-2023 10:52:03 [LogUtils] - Verify equals: Forgot password? and Forgot password?
[INFO] 23-03-2023 10:52:03 [LogUtils] - Set text: tienthanhxh123@gmail.com on element By.xpath: //input[@id='email']
[INFO] 23-03-2023 10:52:04 [LogUtils] - Click element By.xpath: //button[normalize-space()='Send Password Reset Link']
[INFO] 23-03-2023 10:52:04 [LogUtils] - Get text: No account exists with this email
[INFO] 23-03-2023 10:52:04 [LogUtils] - Verify equals: No account exists with this email and No account exists with this email
[INFO] 23-03-2023 10:52:04 [LogUtils] - testForgotPassInValidWithEmail is pass.
]]></system-out>
    <system-err><![CDATA[[main] INFO io.github.bonigarcia.wdm.WebDriverManager - Using chromedriver 111.0.5563.64 (resolved driver for Chrome 111)
[main] INFO io.github.bonigarcia.wdm.WebDriverManager - Exporting webdriver.chrome.driver as C:\Users\FPTSHOP\.cache\selenium\chromedriver\win32\111.0.5563.64\chromedriver.exe
Starting ChromeDriver 111.0.5563.64 (c710e93d5b63b7095afe8c2c17df34408078439d-refs/branch-heads/5563@{#995}) on port 18605
Only local connections are allowed.
Please see https://chromedriver.chromium.org/security-considerations for suggestions on keeping ChromeDriver safe.
ChromeDriver was started successfully.
Mar 23, 2023 10:52:01 AM org.openqa.selenium.devtools.CdpVersionFinder findNearestMatch
WARNING: Unable to find an exact match for CDP version 111, so returning the closest version found: 110
]]></system-err>
  </testcase>
  <testcase name="testForgotPassInValidWithNumber" classname="com.thanh.testcases.ForgotPassTest" time="1.015">
    <system-out><![CDATA[Launching Chrome browser...
[INFO] 23-03-2023 10:52:08 [LogUtils] - Open URL: https://cms.anhtester.com/login
[INFO] 23-03-2023 10:52:08 [LogUtils] - Click element By.xpath: //a[normalize-space()='Forgot password ?']
[INFO] 23-03-2023 10:52:09 [LogUtils] - Click element By.xpath: //i[@class='la la-close fs-20']
[INFO] 23-03-2023 10:52:09 [LogUtils] - Get text: Forgot password?
[INFO] 23-03-2023 10:52:09 [LogUtils] - Verify equals: Forgot password? and Forgot password?
[INFO] 23-03-2023 10:52:09 [LogUtils] - Set text: tienthanh123@123 on element By.xpath: //input[@id='email']
[INFO] 23-03-2023 10:52:09 [LogUtils] - Click element By.xpath: //button[normalize-space()='Send Password Reset Link']
[INFO] 23-03-2023 10:52:10 [LogUtils] - Get text: No account exists with this phone number
[INFO] 23-03-2023 10:52:10 [LogUtils] - Verify equals: No account exists with this phone number and No account exists with this phone number
[INFO] 23-03-2023 10:52:10 [LogUtils] - testForgotPassInValidWithNumber is pass.
]]></system-out>
    <system-err><![CDATA[[main] INFO io.github.bonigarcia.wdm.WebDriverManager - Using chromedriver 111.0.5563.64 (resolved driver for Chrome 111)
[main] INFO io.github.bonigarcia.wdm.WebDriverManager - Exporting webdriver.chrome.driver as C:\Users\FPTSHOP\.cache\selenium\chromedriver\win32\111.0.5563.64\chromedriver.exe
Starting ChromeDriver 111.0.5563.64 (c710e93d5b63b7095afe8c2c17df34408078439d-refs/branch-heads/5563@{#995}) on port 12834
Only local connections are allowed.
Please see https://chromedriver.chromium.org/security-considerations for suggestions on keeping ChromeDriver safe.
ChromeDriver was started successfully.
Mar 23, 2023 10:52:07 AM org.openqa.selenium.devtools.CdpVersionFinder findNearestMatch
WARNING: Unable to find an exact match for CDP version 111, so returning the closest version found: 110
]]></system-err>
  </testcase>
  <testcase name="testLogIn" classname="com.thanh.testcases.LoginTest" time="2.795">
    <system-out><![CDATA[[INFO] 23-03-2023 10:52:12 [LogUtils] - Finish Suite: Thu Mar 23 10:52:12 WIB 2023
[INFO] 23-03-2023 10:52:12 [LogUtils] - Starting Suite: Thu Mar 23 10:52:12 WIB 2023
Load all file properties successfully.
Launching Chrome browser...
Load all file properties successfully.
[INFO] 23-03-2023 10:52:14 [LogUtils] - Open URL: https://cms.anhtester.com/login
[INFO] 23-03-2023 10:52:14 [LogUtils] - Set text: tienthanh@email.com on element By.xpath: //input[@id='email']
[INFO] 23-03-2023 10:52:14 [LogUtils] - Set text: 123456 on element By.xpath: //input[@id='password']
[INFO] 23-03-2023 10:52:15 [LogUtils] - Click element By.xpath: //button[normalize-space()='Login']
[INFO] 23-03-2023 10:52:16 [LogUtils] - testLogIn is pass.
]]></system-out>
    <system-err><![CDATA[[main] INFO io.github.bonigarcia.wdm.WebDriverManager - Using chromedriver 111.0.5563.64 (resolved driver for Chrome 111)
[main] INFO io.github.bonigarcia.wdm.WebDriverManager - Exporting webdriver.chrome.driver as C:\Users\FPTSHOP\.cache\selenium\chromedriver\win32\111.0.5563.64\chromedriver.exe
Starting ChromeDriver 111.0.5563.64 (c710e93d5b63b7095afe8c2c17df34408078439d-refs/branch-heads/5563@{#995}) on port 21019
Only local connections are allowed.
Please see https://chromedriver.chromium.org/security-considerations for suggestions on keeping ChromeDriver safe.
ChromeDriver was started successfully.
Mar 23, 2023 10:52:13 AM org.openqa.selenium.devtools.CdpVersionFinder findNearestMatch
WARNING: Unable to find an exact match for CDP version 111, so returning the closest version found: 110
]]></system-err>
  </testcase>
  <testcase name="testLogInWithEmailInvalid" classname="com.thanh.testcases.LoginTest" time="1.836">
    <system-out><![CDATA[Launching Chrome browser...
[INFO] 23-03-2023 10:52:20 [LogUtils] - Open URL: https://cms.anhtester.com/login
[INFO] 23-03-2023 10:52:20 [LogUtils] - Set text: tienthanhxh2000@gmail.com on element By.xpath: //input[@id='email']
[INFO] 23-03-2023 10:52:20 [LogUtils] - Set text: 123456 on element By.xpath: //input[@id='password']
[INFO] 23-03-2023 10:52:21 [LogUtils] - Click element By.xpath: //button[normalize-space()='Login']
[INFO] 23-03-2023 10:52:21 [LogUtils] - Get text: Invalid login credentials
[INFO] 23-03-2023 10:52:21 [LogUtils] - Verify equals: Invalid login credentials and Invalid login credentials
[INFO] 23-03-2023 10:52:21 [LogUtils] - testLogInWithEmailInvalid is pass.
]]></system-out>
    <system-err><![CDATA[[main] INFO io.github.bonigarcia.wdm.WebDriverManager - Using chromedriver 111.0.5563.64 (resolved driver for Chrome 111)
[main] INFO io.github.bonigarcia.wdm.WebDriverManager - Exporting webdriver.chrome.driver as C:\Users\FPTSHOP\.cache\selenium\chromedriver\win32\111.0.5563.64\chromedriver.exe
Starting ChromeDriver 111.0.5563.64 (c710e93d5b63b7095afe8c2c17df34408078439d-refs/branch-heads/5563@{#995}) on port 17042
Only local connections are allowed.
Please see https://chromedriver.chromium.org/security-considerations for suggestions on keeping ChromeDriver safe.
ChromeDriver was started successfully.
Mar 23, 2023 10:52:19 AM org.openqa.selenium.devtools.CdpVersionFinder findNearestMatch
WARNING: Unable to find an exact match for CDP version 111, so returning the closest version found: 110
]]></system-err>
  </testcase>
  <testcase name="testLogInWithPasswordInvalid" classname="com.thanh.testcases.LoginTest" time="1.721">
    <system-out><![CDATA[Launching Chrome browser...
[INFO] 23-03-2023 10:52:24 [LogUtils] - Open URL: https://cms.anhtester.com/login
[INFO] 23-03-2023 10:52:24 [LogUtils] - Set text: tienthanh@email.com on element By.xpath: //input[@id='email']
[INFO] 23-03-2023 10:52:24 [LogUtils] - Set text: 123 on element By.xpath: //input[@id='password']
[INFO] 23-03-2023 10:52:25 [LogUtils] - Click element By.xpath: //button[normalize-space()='Login']
[INFO] 23-03-2023 10:52:25 [LogUtils] - Get text: Invalid login credentials
[INFO] 23-03-2023 10:52:25 [LogUtils] - Verify equals: Invalid login credentials and Invalid login credentials
[INFO] 23-03-2023 10:52:25 [LogUtils] - testLogInWithPasswordInvalid is pass.
]]></system-out>
    <system-err><![CDATA[[main] INFO io.github.bonigarcia.wdm.WebDriverManager - Using chromedriver 111.0.5563.64 (resolved driver for Chrome 111)
[main] INFO io.github.bonigarcia.wdm.WebDriverManager - Exporting webdriver.chrome.driver as C:\Users\FPTSHOP\.cache\selenium\chromedriver\win32\111.0.5563.64\chromedriver.exe
Starting ChromeDriver 111.0.5563.64 (c710e93d5b63b7095afe8c2c17df34408078439d-refs/branch-heads/5563@{#995}) on port 28197
Only local connections are allowed.
Please see https://chromedriver.chromium.org/security-considerations for suggestions on keeping ChromeDriver safe.
ChromeDriver was started successfully.
Mar 23, 2023 10:52:23 AM org.openqa.selenium.devtools.CdpVersionFinder findNearestMatch
WARNING: Unable to find an exact match for CDP version 111, so returning the closest version found: 110
]]></system-err>
  </testcase>
  <testcase name="testLogOut" classname="com.thanh.testcases.LoginTest" time="3.433">
    <system-out><![CDATA[Launching Chrome browser...
[INFO] 23-03-2023 10:52:29 [LogUtils] - Open URL: https://cms.anhtester.com/login
[INFO] 23-03-2023 10:52:29 [LogUtils] - Set text: tienthanh@email.com on element By.xpath: //input[@id='email']
[INFO] 23-03-2023 10:52:29 [LogUtils] - Set text: 123456 on element By.xpath: //input[@id='password']
[INFO] 23-03-2023 10:52:30 [LogUtils] - Click element By.xpath: //button[normalize-space()='Login']
[INFO] 23-03-2023 10:52:31 [LogUtils] - Get text: Clear Cache
[INFO] 23-03-2023 10:52:31 [LogUtils] - Verify equals: Clear Cache and Clear Cache
[INFO] 23-03-2023 10:52:31 [LogUtils] - Click element By.xpath: //span[@class='d-flex align-items-center']
[INFO] 23-03-2023 10:52:32 [LogUtils] - Click element By.xpath: //span[normalize-space()='Logout']
[INFO] 23-03-2023 10:52:32 [LogUtils] - testLogOut is pass.
]]></system-out>
    <system-err><![CDATA[[main] INFO io.github.bonigarcia.wdm.WebDriverManager - Using chromedriver 111.0.5563.64 (resolved driver for Chrome 111)
[main] INFO io.github.bonigarcia.wdm.WebDriverManager - Exporting webdriver.chrome.driver as C:\Users\FPTSHOP\.cache\selenium\chromedriver\win32\111.0.5563.64\chromedriver.exe
Starting ChromeDriver 111.0.5563.64 (c710e93d5b63b7095afe8c2c17df34408078439d-refs/branch-heads/5563@{#995}) on port 24353
Only local connections are allowed.
Please see https://chromedriver.chromium.org/security-considerations for suggestions on keeping ChromeDriver safe.
ChromeDriver was started successfully.
Mar 23, 2023 10:52:28 AM org.openqa.selenium.devtools.CdpVersionFinder findNearestMatch
WARNING: Unable to find an exact match for CDP version 111, so returning the closest version found: 110
]]></system-err>
  </testcase>
  <testcase name="testCategories" classname="com.thanh.testcases.CategoryTest" time="27.344">
    <system-out><![CDATA[[INFO] 23-03-2023 10:52:34 [LogUtils] - Finish Suite: Thu Mar 23 10:52:34 WIB 2023
[INFO] 23-03-2023 10:52:34 [LogUtils] - Starting Suite: Thu Mar 23 10:52:34 WIB 2023
Load all file properties successfully.
Launching Chrome browser...
[INFO] 23-03-2023 10:52:35 [LogUtils] - Open URL: https://cms.anhtester.com/login
[INFO] 23-03-2023 10:52:35 [LogUtils] - Set text: tienthanh@email.com on element By.xpath: //input[@id='email']
[INFO] 23-03-2023 10:52:36 [LogUtils] - Set text: 123456 on element By.xpath: //input[@id='password']
[INFO] 23-03-2023 10:52:36 [LogUtils] - Click element By.xpath: //button[normalize-space()='Login']
[INFO] 23-03-2023 10:52:37 [LogUtils] - Get text: Clear Cache
[INFO] 23-03-2023 10:52:37 [LogUtils] - Verify equals: Clear Cache and Clear Cache
[INFO] 23-03-2023 10:52:37 [LogUtils] - Click element By.xpath: //span[normalize-space()='Products']
[INFO] 23-03-2023 10:52:39 [LogUtils] - Click element By.xpath: //span[normalize-space()='Category']
[INFO] 23-03-2023 10:52:39 [LogUtils] - Check Element Exist: true --- By.xpath: //h1[normalize-space()='All categories']
[INFO] 23-03-2023 10:52:39 [LogUtils] - Get text: All categories
[INFO] 23-03-2023 10:52:41 [LogUtils] - Click element By.xpath: //span[normalize-space()='Add New category']
[INFO] 23-03-2023 10:52:41 [LogUtils] - Get text: Category Information
[INFO] 23-03-2023 10:52:41 [LogUtils] - Verify equals: Category Information and Category Information
[INFO] 23-03-2023 10:52:41 [LogUtils] - Set text: ThanhDT2k Cate on element By.xpath: //input[@id='name']
[INFO] 23-03-2023 10:52:42 [LogUtils] - Click element By.xpath: //label[normalize-space()='Parent Category']/following-sibling::div
[INFO] 23-03-2023 10:52:42 [LogUtils] - Set text: Hoai nhi on element By.xpath: //div[@class='dropdown-menu show']//input[@aria-label='Search']
[INFO] 23-03-2023 10:52:43 [LogUtils] - Set text: 3 on element By.xpath: //input[@id='order_level']
[INFO] 23-03-2023 10:52:44 [LogUtils] - Click element By.xpath: //label[normalize-space()='Type']//following-sibling::div
[INFO] 23-03-2023 10:52:44 [LogUtils] - Click element By.xpath: //span[normalize-space()='Digital']
[INFO] 23-03-2023 10:52:44 [LogUtils] - Click element By.xpath: //label[normalize-space()='Banner (200x200)']/following-sibling::div//div[normalize-space()='Choose File']
[INFO] 23-03-2023 10:52:45 [LogUtils] - Click element By.xpath: //a[normalize-space()='Upload New']
[INFO] 23-03-2023 10:52:45 [LogUtils] - Click element By.xpath: //button[normalize-space()='Browse']
[INFO] 23-03-2023 10:52:51 [LogUtils] - Click element By.xpath: //a[normalize-space()='Select File']
[INFO] 23-03-2023 10:52:51 [LogUtils] - Set text: pilot on element By.xpath: //input[@placeholder='Search your files']
[INFO] 23-03-2023 10:52:53 [LogUtils] - Click element By.xpath: (//div[@class='card-body']//h6//span)[1]
[INFO] 23-03-2023 10:52:54 [LogUtils] - Click element By.xpath: //button[normalize-space()='Add Files']
[INFO] 23-03-2023 10:52:57 [LogUtils] - Set text: Có on element By.xpath: //input[@placeholder='Meta Title']
[INFO] 23-03-2023 10:52:57 [LogUtils] - Set text: Không on element By.xpath: //textarea[@name='meta_description']
[INFO] 23-03-2023 10:52:58 [LogUtils] - Click element By.xpath: //label[normalize-space()='Filtering Attributes']//following-sibling::div
[INFO] 23-03-2023 10:52:58 [LogUtils] - Set text: Size on element By.xpath: //div[@class='dropdown-menu show']//input[@aria-label='Search']
[INFO] 23-03-2023 10:52:59 [LogUtils] - Click element By.xpath: //button[normalize-space()='Save']
[INFO] 23-03-2023 10:52:59 [LogUtils] - Get text: All categories
[INFO] 23-03-2023 10:52:59 [LogUtils] - Verify equals: All categories and All categories
[INFO] 23-03-2023 10:52:59 [LogUtils] - Get text: Categories
[INFO] 23-03-2023 10:52:59 [LogUtils] - Verify equals: Categories and Categories
[INFO] 23-03-2023 10:53:00 [LogUtils] - Set text: ThanhDT2k Cate on element By.xpath: //input[@id='search']
Số dòng tìm thấy: 15
ThanhDT2k Cate - ThanhDT2k Cate
ThanhDT2k Cate - ThanhDT2k Cate
ThanhDT2k Cate - ThanhDT2k Cate
ThanhDT2k Cate - ThanhDT2k Cate
ThanhDT2k Cate - ThanhDT2k Cate
ThanhDT2k Cate - ThanhDT2k Cate
ThanhDT2k Cate - ThanhDT2k Cate
ThanhDT2k Cate - ThanhDT2k Cate
ThanhDT2k Cate - ThanhDT2k Cate
ThanhDT2k Cate - ThanhDT2k Cate
ThanhDT2k Cate - ThanhDT2k Cate
ThanhDT2k Cate - ThanhDT2k Cate
ThanhDT2k Cate - ThanhDT2k Cate
ThanhDT2k Cate - ThanhDT2k Cate
ThanhDT2k Cate - ThanhDT2k Cate
[INFO] 23-03-2023 10:53:06 [LogUtils] - Click element By.xpath: //a[contains(text(),'›')]
Số dòng tìm thấy: 3
ThanhDT2k Cate - ThanhDT2k Cate
ThanhDT2k Cate - ThanhDT2k Cate
ThanhDT2k Cate - ThanhDT2k Cate
[INFO] 23-03-2023 10:53:08 [LogUtils] - testCategories is pass.
]]></system-out>
    <system-err><![CDATA[[main] INFO io.github.bonigarcia.wdm.WebDriverManager - Using chromedriver 111.0.5563.64 (resolved driver for Chrome 111)
[main] INFO io.github.bonigarcia.wdm.WebDriverManager - Exporting webdriver.chrome.driver as C:\Users\FPTSHOP\.cache\selenium\chromedriver\win32\111.0.5563.64\chromedriver.exe
Starting ChromeDriver 111.0.5563.64 (c710e93d5b63b7095afe8c2c17df34408078439d-refs/branch-heads/5563@{#995}) on port 9351
Only local connections are allowed.
Please see https://chromedriver.chromium.org/security-considerations for suggestions on keeping ChromeDriver safe.
ChromeDriver was started successfully.
Mar 23, 2023 10:52:34 AM org.openqa.selenium.devtools.CdpVersionFinder findNearestMatch
WARNING: Unable to find an exact match for CDP version 111, so returning the closest version found: 110
]]></system-err>
  </testcase>
  <testcase name="testProduct" classname="com.thanh.testcases.ProductTest" time="32.815">
    <system-out><![CDATA[[INFO] 23-03-2023 10:53:10 [LogUtils] - Finish Suite: Thu Mar 23 10:53:10 WIB 2023
[INFO] 23-03-2023 10:53:10 [LogUtils] - Starting Suite: Thu Mar 23 10:53:10 WIB 2023
Load all file properties successfully.
Launching Chrome browser...
[INFO] 23-03-2023 10:53:12 [LogUtils] - Open URL: https://cms.anhtester.com/login
[INFO] 23-03-2023 10:53:12 [LogUtils] - Set text: tienthanh@email.com on element By.xpath: //input[@id='email']
[INFO] 23-03-2023 10:53:12 [LogUtils] - Set text: 123456 on element By.xpath: //input[@id='password']
[INFO] 23-03-2023 10:53:13 [LogUtils] - Click element By.xpath: //button[normalize-space()='Login']
[INFO] 23-03-2023 10:53:14 [LogUtils] - Get text: Clear Cache
[INFO] 23-03-2023 10:53:14 [LogUtils] - Verify equals: Clear Cache and Clear Cache
[INFO] 23-03-2023 10:53:14 [LogUtils] - Click element By.xpath: //span[normalize-space()='Products']
[INFO] 23-03-2023 10:53:15 [LogUtils] - Click element By.xpath: //span[normalize-space()='All products']
[INFO] 23-03-2023 10:53:15 [LogUtils] - Check Element Exist: true --- By.xpath: //h1[normalize-space()='All products']
[INFO] 23-03-2023 10:53:16 [LogUtils] - Get text: All products
[INFO] 23-03-2023 10:53:16 [LogUtils] - Get text: Add New Product
[INFO] 23-03-2023 10:53:16 [LogUtils] - Click element By.xpath: //a[@class='btn btn-circle btn-info']//span[contains(text(),'Add New Product')]
[INFO] 23-03-2023 10:53:16 [LogUtils] - Get text: Add New Product
[INFO] 23-03-2023 10:53:17 [LogUtils] - Get text: Product Information
[INFO] 23-03-2023 10:53:17 [LogUtils] - Set text: Thanh Product 04 on element By.xpath: //input[@placeholder='Product Name']
[INFO] 23-03-2023 10:53:17 [LogUtils] - Click element By.xpath: //div[@id='category']//label[@class='col-md-3 col-from-label']//following-sibling::div
[INFO] 23-03-2023 10:53:17 [LogUtils] - Set text: ThanhDT2k Cate on element By.xpath: //div[@class='dropdown-menu show']//input[@aria-label='Search']
[INFO] 23-03-2023 10:53:18 [LogUtils] - Click element By.xpath: //label[normalize-space()='Brand']//following-sibling::div
[INFO] 23-03-2023 10:53:18 [LogUtils] - Set text: Demo brand on element By.xpath: //div[@class='dropdown-menu show']//input[@aria-label='Search']
[INFO] 23-03-2023 10:53:19 [LogUtils] - Set text: KG on element By.xpath: //input[@placeholder='Unit (e.g. KG, Pc etc)']
[INFO] 23-03-2023 10:53:19 [LogUtils] - Click element By.xpath: //input[@name='min_qty']
[INFO] 23-03-2023 10:53:19 [LogUtils] - Set text: 11 on element By.xpath: //input[@name='min_qty']
[INFO] 23-03-2023 10:53:20 [LogUtils] - Click element By.xpath: //label[normalize-space()='Gallery Images (600x600)']//following-sibling::div
[INFO] 23-03-2023 10:53:21 [LogUtils] - Click element By.xpath: //a[normalize-space()='Upload New']
[INFO] 23-03-2023 10:53:21 [LogUtils] - Click element By.xpath: //button[normalize-space()='Browse']
[INFO] 23-03-2023 10:53:27 [LogUtils] - Click element By.xpath: //a[normalize-space()='Select File']
[INFO] 23-03-2023 10:53:27 [LogUtils] - Set text: pilot on element By.xpath: //input[@placeholder='Search your files']
[INFO] 23-03-2023 10:53:28 [LogUtils] - Click element By.xpath: (//div[@class='card-body']//h6//span)[1]
[INFO] 23-03-2023 10:53:29 [LogUtils] - Click element By.xpath: //button[normalize-space()='Add Files']
[INFO] 23-03-2023 10:53:32 [LogUtils] - Click element By.xpath: //div[@class='col-md-1']//span
[INFO] 23-03-2023 10:53:33 [LogUtils] - Click element By.xpath: //input[@value='Colors']//following::button[@title='Nothing selected'][1]
[INFO] 23-03-2023 10:53:33 [LogUtils] - Set text: Black on element By.xpath: //div[@class='dropdown-menu show']//input[@aria-label='Search']
[INFO] 23-03-2023 10:53:35 [LogUtils] - Set text: Green on element By.xpath: //div[@class='dropdown-menu show']//input[@aria-label='Search']
[INFO] 23-03-2023 10:53:37 [LogUtils] - Click element By.xpath: //input[@value='Colors']
[INFO] 23-03-2023 10:53:38 [LogUtils] - Click element By.xpath: //input[@placeholder='Unit price']
[INFO] 23-03-2023 10:53:39 [LogUtils] - Set text: 500000 on element By.xpath: //input[@placeholder='Unit price']
[INFO] 23-03-2023 10:53:39 [LogUtils] - Click element By.xpath: //input[@placeholder='Discount']
[INFO] 23-03-2023 10:53:40 [LogUtils] - Set text: 200000 on element By.xpath: //input[@placeholder='Discount']
[INFO] 23-03-2023 10:53:42 [LogUtils] - Set text: Ti?n Thành on element By.xpath: //input[@placeholder='Meta Title']
[INFO] 23-03-2023 10:53:43 [LogUtils] - Click element By.xpath: //button[normalize-space()='Save & Publish']
[INFO] 23-03-2023 10:53:44 [LogUtils] - Set text: Thanh Product 04 on element By.xpath: //input[@id='search']
Số dòng tìm thấy: 8
Thanh Product 04 - Thanh Product 04
Thanh Product 04 - Thanh Product 04
Thanh Product 04 - Thanh Product 04
Thanh Product 04 - Thanh Product 04
Thanh Product 04 - Thanh Product 04
Thanh Product 04 - Thanh Product 04
Thanh Product 04 - Thanh Product 04
Thanh Product 04 - Thanh Product 04
[INFO] 23-03-2023 10:53:48 [LogUtils] - testProduct is pass.
]]></system-out>
    <system-err><![CDATA[[main] INFO io.github.bonigarcia.wdm.WebDriverManager - Using chromedriver 111.0.5563.64 (resolved driver for Chrome 111)
[main] INFO io.github.bonigarcia.wdm.WebDriverManager - Exporting webdriver.chrome.driver as C:\Users\FPTSHOP\.cache\selenium\chromedriver\win32\111.0.5563.64\chromedriver.exe
Starting ChromeDriver 111.0.5563.64 (c710e93d5b63b7095afe8c2c17df34408078439d-refs/branch-heads/5563@{#995}) on port 29538
Only local connections are allowed.
Please see https://chromedriver.chromium.org/security-considerations for suggestions on keeping ChromeDriver safe.
ChromeDriver was started successfully.
Mar 23, 2023 10:53:11 AM org.openqa.selenium.devtools.CdpVersionFinder findNearestMatch
WARNING: Unable to find an exact match for CDP version 111, so returning the closest version found: 110
]]></system-err>
  </testcase>
</testsuite>