<?xml version="1.0" encoding="UTF-8"?>
<!-- Generated by org.testng.reporters.JUnitReportReporter -->
<testsuite hostname="LAPTOP-61Q7V37F" failures="0" tests="1" name="com.thanh.testcases.ProductTest" time="40.297" errors="0" timestamp="2023-03-23T10:53:51 WIB" skipped="0">
  <testcase classname="com.thanh.testcases.ProductTest" name="testProduct" time="40.297"/>
  <system-out/>
</testsuite> <!-- com.thanh.testcases.ProductTest -->
