<?xml version="1.0" encoding="UTF-8"?>
<!-- Generated by org.testng.reporters.JUnitReportReporter -->
<testsuite hostname="LAPTOP-61Q7V37F" failures="0" tests="3" name="com.thanh.testcases.ForgotPassTest" time="21.378" errors="0" timestamp="2023-03-23T10:53:51 WIB" skipped="0">
  <testcase classname="com.thanh.testcases.ForgotPassTest" name="testForgotPassValid" time="9.001"/>
  <system-out/>
  <testcase classname="com.thanh.testcases.ForgotPassTest" name="testForgotPassInValidWithEmail" time="5.606"/>
  <system-out/>
  <testcase classname="com.thanh.testcases.ForgotPassTest" name="testForgotPassInValidWithNumber" time="6.771"/>
  <system-out/>
</testsuite> <!-- com.thanh.testcases.ForgotPassTest -->
