<?xml version="1.0" encoding="UTF-8"?>
<!-- Generated by org.testng.reporters.JUnitReportReporter -->
<testsuite hostname="LAPTOP-61Q7V37F" failures="0" tests="4" name="com.thanh.testcases.LoginTest" time="21.538" errors="0" timestamp="2023-03-23T10:53:51 WIB" skipped="0">
  <testcase classname="com.thanh.testcases.LoginTest" name="testLogIn" time="5.696"/>
  <system-out/>
  <testcase classname="com.thanh.testcases.LoginTest" name="testLogInWithEmailInvalid" time="4.767"/>
  <system-out/>
  <testcase classname="com.thanh.testcases.LoginTest" name="testLogInWithPasswordInvalid" time="4.620"/>
  <system-out/>
  <testcase classname="com.thanh.testcases.LoginTest" name="testLogOut" time="6.455"/>
  <system-out/>
</testsuite> <!-- com.thanh.testcases.LoginTest -->
